findIndexesLessThanOrEqualTo

   0 = 00:00 : -28.2 | Δ = 0
   1 = 00:01 : -21.4 | Δ = 1
   [track #1 begins at above time] Δ >= 70, gap 1
   111 = 01:51 : -28 | Δ = 110
   113 = 01:53 : -29.8 | Δ = 2
   114 = 01:54 : -29.4 | Δ = 1
   115 = 01:55 : -20.7 | Δ = 1
   116 = 01:56 : -30.3 | Δ = 1
   117 = 01:57 : -29.4 | Δ = 1
   [track #2 begins at above time] Δ >= 70, gap 2
   233 = 03:53 : -31.2 | Δ = 116
   234 = 03:54 : -31.5 | Δ = 1
   235 = 03:55 : -27.2 | Δ = 1
   236 = 03:56 : -31.3 | Δ = 1
   237 = 03:57 : -29.2 | Δ = 1
   238 = 03:58 : -23.2 | Δ = 1
   239 = 03:59 : -21.1 | Δ = 1
   240 = 04:00 : -21.2 | Δ = 1
   242 = 04:02 : -21.4 | Δ = 2
   244 = 04:04 : -22 | Δ = 2
   245 = 04:05 : -22.1 | Δ = 1
   246 = 04:06 : -21.2 | Δ = 1
   247 = 04:07 : -20.3 | Δ = 1
   [track #3 begins at above time] Δ >= 70, gap 3
   631 = 10:31 : -25.3 | Δ = 384
   632 = 10:32 : -26.6 | Δ = 1
   633 = 10:33 : -30.6 | Δ = 1
   634 = 10:34 : -33.3 | Δ = 1
   635 = 10:35 : -28.8 | Δ = 1
   636 = 10:36 : -30.4 | Δ = 1
   [track #4 begins at above time] Δ >= 70, gap 4
   740 = 12:20 : -21.5 | Δ = 104
   741 = 12:21 : -33.7 | Δ = 1
   742 = 12:22 : -33.1 | Δ = 1
   743 = 12:23 : -29.8 | Δ = 1
   744 = 12:24 : -35.5 | Δ = 1
   745 = 12:25 : -22.9 | Δ = 1
   [track #5 begins at above time] Δ >= 70, gap 5
   963 = 16:03 : -27.5 | Δ = 218
   964 = 16:04 : -33.2 | Δ = 1
   965 = 16:05 : -25.8 | Δ = 1
   [track #6 begins at above time] Δ >= 70, gap 6
   1113 = 18:33 : -22 | Δ = 148
   1114 = 18:34 : -24.1 | Δ = 1
   1115 = 18:35 : -23.4 | Δ = 1
   1117 = 18:37 : -21 | Δ = 2
   1118 = 18:38 : -28.6 | Δ = 1
   1119 = 18:39 : -27.3 | Δ = 1
   [track #7 begins at above time] Δ >= 70, gap 7
   1252 = 20:52 : -22.5 | Δ = 133
   1253 = 20:53 : -20.2 | Δ = 1
   [track #8 begins at above time] Δ >= 70, gap 8
   1406 = 23:26 : -32.9 | Δ = 153
   1407 = 23:27 : -29.3 | Δ = 1
   1408 = 23:28 : -29.8 | Δ = 1
   [track #9 begins at above time] Δ >= 70, gap 9
   1487 = 24:47 : -29.9 | Δ = 79
   1488 = 24:48 : -35.7 | Δ = 1
   1489 = 24:49 : -30.5 | Δ = 1
   [track #10 begins at above time] Δ >= 70, gap 10
   1624 = 27:04 : -27.1 | Δ = 135
   1625 = 27:05 : -25.3 | Δ = 1
   1626 = 27:06 : -32.5 | Δ = 1
   1627 = 27:07 : -27.7 | Δ = 1
   1628 = 27:08 : -30.9 | Δ = 1
   1629 = 27:09 : -25.1 | Δ = 1
   1630 = 27:10 : -27.3 | Δ = 1
   1631 = 27:11 : -30.2 | Δ = 1
   1646 = 27:26 : -21 | Δ = 15
   [track #11 begins at above time] Δ >= 70, gap 11
   1787 = 29:47 : -20.4 | Δ = 141
   1788 = 29:48 : -20.9 | Δ = 1
   1789 = 29:49 : -27.8 | Δ = 1
   1790 = 29:50 : -30.9 | Δ = 1
   1791 = 29:51 : -37.4 | Δ = 1
   1792 = 29:52 : -30.7 | Δ = 1
   1793 = 29:53 : -28.5 | Δ = 1
   [track #12 begins at above time] Δ >= 70, gap 12
   1945 = 32:25 : -25.1 | Δ = 152

gapCount = 13
